<?xml version="1.0" encoding="UTF-8"?>
<coverage generated="1702588434511" clover="3.2.0">
  <project timestamp="1702588434511" name="All files">
    <metrics statements="34" coveredstatements="34" conditionals="32" coveredconditionals="29" methods="10" coveredmethods="10" elements="76" coveredelements="73" complexity="0" loc="34" ncloc="34" packages="1" files="1" classes="1"/>
    <file name="app.js" path="C:\Users\hgc\Bureau\Léonard de Vinci\BIN2\DevOps\mini-projet\devops-mini-proj-tdd-greetings\src\app.js">
      <metrics statements="34" coveredstatements="34" conditionals="32" coveredconditionals="29" methods="10" coveredmethods="10"/>
      <line num="2" count="13" type="cond" truecount="2" falsecount="0"/>
      <line num="3" count="10" type="cond" truecount="2" falsecount="0"/>
      <line num="4" count="8" type="cond" truecount="2" falsecount="0"/>
      <line num="5" count="4" type="cond" truecount="2" falsecount="0"/>
      <line num="6" count="3" type="stmt"/>
      <line num="8" count="2" type="cond" truecount="2" falsecount="0"/>
      <line num="9" count="1" type="stmt"/>
      <line num="13" count="8" type="cond" truecount="3" falsecount="0"/>
      <line num="17" count="4" type="stmt"/>
      <line num="18" count="4" type="cond" truecount="2" falsecount="0"/>
      <line num="19" count="2" type="cond" truecount="2" falsecount="0"/>
      <line num="20" count="2" type="stmt"/>
      <line num="22" count="2" type="cond" truecount="2" falsecount="0"/>
      <line num="23" count="1" type="cond" truecount="1" falsecount="1"/>
      <line num="24" count="1" type="stmt"/>
      <line num="26" count="1" type="cond" truecount="1" falsecount="1"/>
      <line num="27" count="1" type="cond" truecount="1" falsecount="1"/>
      <line num="28" count="1" type="stmt"/>
      <line num="33" count="13" type="cond" truecount="3" falsecount="0"/>
      <line num="36" count="17" type="stmt"/>
      <line num="39" count="4" type="stmt"/>
      <line num="40" count="4" type="cond" truecount="2" falsecount="0"/>
      <line num="45" count="3" type="stmt"/>
      <line num="46" count="3" type="stmt"/>
      <line num="50" count="1" type="stmt"/>
      <line num="51" count="1" type="stmt"/>
      <line num="54" count="1" type="stmt"/>
      <line num="55" count="3" type="cond" truecount="2" falsecount="0"/>
      <line num="56" count="1" type="stmt"/>
      <line num="58" count="2" type="stmt"/>
      <line num="63" count="1" type="stmt"/>
      <line num="64" count="1" type="stmt"/>
      <line num="66" count="1" type="stmt"/>
      <line num="70" count="1" type="stmt"/>
    </file>
  </project>
</coverage>
