{
    "C:\\Users\\hgc\\Bureau\\Léonard de Vinci\\BIN2\\DevOps\\mini-projet\\devops-mini-proj-tdd-greetings\\app.js": {
        "path": "C:\\Users\\hgc\\Bureau\\Léonard de Vinci\\BIN2\\DevOps\\mini-projet\\devops-mini-proj-tdd-greetings\\app.js",
        "statementMap": {
            "0": {
                "start": { "line": 2, "column": 4 },
                "end": { "line": 2, "column": 65 }
            },
            "1": {
                "start": { "line": 2, "column": 38 },
                "end": { "line": 2, "column": 65 }
            },
            "2": {
                "start": { "line": 3, "column": 4 },
                "end": { "line": 7, "column": 5 }
            },
            "3": {
                "start": { "line": 4, "column": 8 },
                "end": { "line": 4, "column": 78 }
            },
            "4": {
                "start": { "line": 4, "column": 50 },
                "end": { "line": 4, "column": 78 }
            },
            "5": {
                "start": { "line": 5, "column": 8 },
                "end": { "line": 5, "column": 64 }
            },
            "6": {
                "start": { "line": 5, "column": 36 },
                "end": { "line": 5, "column": 64 }
            },
            "7": {
                "start": { "line": 6, "column": 8 },
                "end": { "line": 6, "column": 32 }
            },
            "8": {
                "start": { "line": 8, "column": 4 },
                "end": { "line": 8, "column": 54 }
            },
            "9": {
                "start": { "line": 8, "column": 29 },
                "end": { "line": 8, "column": 54 }
            },
            "10": {
                "start": { "line": 9, "column": 4 },
                "end": { "line": 9, "column": 29 }
            },
            "11": {
                "start": { "line": 13, "column": 4 },
                "end": { "line": 13, "column": 71 }
            },
            "12": {
                "start": { "line": 17, "column": 21 },
                "end": { "line": 17, "column": 31 }
            },
            "13": {
                "start": { "line": 18, "column": 4 },
                "end": { "line": 21, "column": 5 }
            },
            "14": {
                "start": { "line": 19, "column": 25 },
                "end": { "line": 19, "column": 67 }
            },
            "15": {
                "start": { "line": 20, "column": 8 },
                "end": { "line": 20, "column": 56 }
            },
            "16": {
                "start": { "line": 22, "column": 4 },
                "end": { "line": 25, "column": 5 }
            },
            "17": {
                "start": { "line": 23, "column": 25 },
                "end": { "line": 23, "column": 68 }
            },
            "18": {
                "start": { "line": 24, "column": 8 },
                "end": { "line": 24, "column": 54 }
            },
            "19": {
                "start": { "line": 26, "column": 4 },
                "end": { "line": 29, "column": 5 }
            },
            "20": {
                "start": { "line": 27, "column": 25 },
                "end": { "line": 27, "column": 67 }
            },
            "21": {
                "start": { "line": 28, "column": 8 },
                "end": { "line": 28, "column": 54 }
            },
            "22": {
                "start": { "line": 33, "column": 4 },
                "end": { "line": 33, "column": 62 }
            },
            "23": {
                "start": { "line": 36, "column": 4 },
                "end": { "line": 36, "column": 39 }
            },
            "24": {
                "start": { "line": 39, "column": 4 },
                "end": { "line": 41, "column": 6 }
            },
            "25": {
                "start": { "line": 40, "column": 29 },
                "end": { "line": 40, "column": 49 }
            },
            "26": {
                "start": { "line": 45, "column": 21 },
                "end": { "line": 45, "column": 32 }
            },
            "27": {
                "start": { "line": 46, "column": 4 },
                "end": { "line": 46, "column": 57 }
            },
            "28": {
                "start": { "line": 50, "column": 24 },
                "end": { "line": 50, "column": 26 }
            },
            "29": {
                "start": { "line": 51, "column": 27 },
                "end": { "line": 51, "column": 29 }
            },
            "30": {
                "start": { "line": 54, "column": 4 },
                "end": { "line": 60, "column": 7 }
            },
            "31": {
                "start": { "line": 55, "column": 8 },
                "end": { "line": 59, "column": 9 }
            },
            "32": {
                "start": { "line": 56, "column": 12 },
                "end": { "line": 56, "column": 38 }
            },
            "33": {
                "start": { "line": 58, "column": 12 },
                "end": { "line": 58, "column": 35 }
            },
            "34": {
                "start": { "line": 63, "column": 27 },
                "end": { "line": 63, "column": 65 }
            },
            "35": {
                "start": { "line": 64, "column": 30 },
                "end": { "line": 64, "column": 71 }
            },
            "36": {
                "start": { "line": 66, "column": 4 },
                "end": { "line": 66, "column": 52 }
            },
            "37": {
                "start": { "line": 70, "column": 0 },
                "end": { "line": 70, "column": 23 }
            }
        },
        "fnMap": {
            "0": {
                "name": "greet",
                "decl": {
                    "start": { "line": 1, "column": 9 },
                    "end": { "line": 1, "column": 14 }
                },
                "loc": {
                    "start": { "line": 1, "column": 21 },
                    "end": { "line": 10, "column": 1 }
                },
                "line": 1
            },
            "1": {
                "name": "isToTranslate",
                "decl": {
                    "start": { "line": 12, "column": 9 },
                    "end": { "line": 12, "column": 22 }
                },
                "loc": {
                    "start": { "line": 12, "column": 33 },
                    "end": { "line": 14, "column": 1 }
                },
                "line": 12
            },
            "2": {
                "name": "greetTranslate",
                "decl": {
                    "start": { "line": 16, "column": 9 },
                    "end": { "line": 16, "column": 23 }
                },
                "loc": {
                    "start": { "line": 16, "column": 30 },
                    "end": { "line": 30, "column": 1 }
                },
                "line": 16
            },
            "3": {
                "name": "isNullUndefinedOrEmpty",
                "decl": {
                    "start": { "line": 32, "column": 9 },
                    "end": { "line": 32, "column": 31 }
                },
                "loc": {
                    "start": { "line": 32, "column": 38 },
                    "end": { "line": 34, "column": 1 }
                },
                "line": 32
            },
            "4": {
                "name": "isInUpperCase",
                "decl": {
                    "start": { "line": 35, "column": 9 },
                    "end": { "line": 35, "column": 22 }
                },
                "loc": {
                    "start": { "line": 35, "column": 29 },
                    "end": { "line": 37, "column": 1 }
                },
                "line": 35
            },
            "5": {
                "name": "isMixedCaseArray",
                "decl": {
                    "start": { "line": 38, "column": 9 },
                    "end": { "line": 38, "column": 25 }
                },
                "loc": {
                    "start": { "line": 38, "column": 33 },
                    "end": { "line": 42, "column": 1 }
                },
                "line": 38
            },
            "6": {
                "name": "(anonymous_6)",
                "decl": {
                    "start": { "line": 40, "column": 19 },
                    "end": { "line": 40, "column": 20 }
                },
                "loc": {
                    "start": { "line": 40, "column": 29 },
                    "end": { "line": 40, "column": 49 }
                },
                "line": 40
            },
            "7": {
                "name": "greetArray",
                "decl": {
                    "start": { "line": 44, "column": 9 },
                    "end": { "line": 44, "column": 19 }
                },
                "loc": {
                    "start": { "line": 44, "column": 27 },
                    "end": { "line": 47, "column": 1 }
                },
                "line": 44
            },
            "8": {
                "name": "mixedCaseArray",
                "decl": {
                    "start": { "line": 49, "column": 9 },
                    "end": { "line": 49, "column": 23 }
                },
                "loc": {
                    "start": { "line": 49, "column": 31 },
                    "end": { "line": 67, "column": 1 }
                },
                "line": 49
            },
            "9": {
                "name": "(anonymous_9)",
                "decl": {
                    "start": { "line": 54, "column": 18 },
                    "end": { "line": 54, "column": 19 }
                },
                "loc": {
                    "start": { "line": 54, "column": 28 },
                    "end": { "line": 60, "column": 5 }
                },
                "line": 54
            }
        },
        "branchMap": {
            "0": {
                "loc": {
                    "start": { "line": 2, "column": 4 },
                    "end": { "line": 2, "column": 65 }
                },
                "type": "if",
                "locations": [
                    {
                        "start": { "line": 2, "column": 4 },
                        "end": { "line": 2, "column": 65 }
                    },
                    { "start": {}, "end": {} }
                ],
                "line": 2
            },
            "1": {
                "loc": {
                    "start": { "line": 3, "column": 4 },
                    "end": { "line": 7, "column": 5 }
                },
                "type": "if",
                "locations": [
                    {
                        "start": { "line": 3, "column": 4 },
                        "end": { "line": 7, "column": 5 }
                    },
                    { "start": {}, "end": {} }
                ],
                "line": 3
            },
            "2": {
                "loc": {
                    "start": { "line": 4, "column": 8 },
                    "end": { "line": 4, "column": 78 }
                },
                "type": "if",
                "locations": [
                    {
                        "start": { "line": 4, "column": 8 },
                        "end": { "line": 4, "column": 78 }
                    },
                    { "start": {}, "end": {} }
                ],
                "line": 4
            },
            "3": {
                "loc": {
                    "start": { "line": 5, "column": 8 },
                    "end": { "line": 5, "column": 64 }
                },
                "type": "if",
                "locations": [
                    {
                        "start": { "line": 5, "column": 8 },
                        "end": { "line": 5, "column": 64 }
                    },
                    { "start": {}, "end": {} }
                ],
                "line": 5
            },
            "4": {
                "loc": {
                    "start": { "line": 8, "column": 4 },
                    "end": { "line": 8, "column": 54 }
                },
                "type": "if",
                "locations": [
                    {
                        "start": { "line": 8, "column": 4 },
                        "end": { "line": 8, "column": 54 }
                    },
                    { "start": {}, "end": {} }
                ],
                "line": 8
            },
            "5": {
                "loc": {
                    "start": { "line": 13, "column": 11 },
                    "end": { "line": 13, "column": 70 }
                },
                "type": "binary-expr",
                "locations": [
                    {
                        "start": { "line": 13, "column": 11 },
                        "end": { "line": 13, "column": 28 }
                    },
                    {
                        "start": { "line": 13, "column": 32 },
                        "end": { "line": 13, "column": 49 }
                    },
                    {
                        "start": { "line": 13, "column": 53 },
                        "end": { "line": 13, "column": 70 }
                    }
                ],
                "line": 13
            },
            "6": {
                "loc": {
                    "start": { "line": 18, "column": 4 },
                    "end": { "line": 21, "column": 5 }
                },
                "type": "if",
                "locations": [
                    {
                        "start": { "line": 18, "column": 4 },
                        "end": { "line": 21, "column": 5 }
                    },
                    { "start": {}, "end": {} }
                ],
                "line": 18
            },
            "7": {
                "loc": {
                    "start": { "line": 19, "column": 25 },
                    "end": { "line": 19, "column": 67 }
                },
                "type": "cond-expr",
                "locations": [
                    {
                        "start": { "line": 19, "column": 43 },
                        "end": { "line": 19, "column": 62 }
                    },
                    {
                        "start": { "line": 19, "column": 65 },
                        "end": { "line": 19, "column": 67 }
                    }
                ],
                "line": 19
            },
            "8": {
                "loc": {
                    "start": { "line": 22, "column": 4 },
                    "end": { "line": 25, "column": 5 }
                },
                "type": "if",
                "locations": [
                    {
                        "start": { "line": 22, "column": 4 },
                        "end": { "line": 25, "column": 5 }
                    },
                    { "start": {}, "end": {} }
                ],
                "line": 22
            },
            "9": {
                "loc": {
                    "start": { "line": 23, "column": 25 },
                    "end": { "line": 23, "column": 68 }
                },
                "type": "cond-expr",
                "locations": [
                    {
                        "start": { "line": 23, "column": 43 },
                        "end": { "line": 23, "column": 63 }
                    },
                    {
                        "start": { "line": 23, "column": 66 },
                        "end": { "line": 23, "column": 68 }
                    }
                ],
                "line": 23
            },
            "10": {
                "loc": {
                    "start": { "line": 26, "column": 4 },
                    "end": { "line": 29, "column": 5 }
                },
                "type": "if",
                "locations": [
                    {
                        "start": { "line": 26, "column": 4 },
                        "end": { "line": 29, "column": 5 }
                    },
                    { "start": {}, "end": {} }
                ],
                "line": 26
            },
            "11": {
                "loc": {
                    "start": { "line": 27, "column": 25 },
                    "end": { "line": 27, "column": 67 }
                },
                "type": "cond-expr",
                "locations": [
                    {
                        "start": { "line": 27, "column": 43 },
                        "end": { "line": 27, "column": 62 }
                    },
                    {
                        "start": { "line": 27, "column": 65 },
                        "end": { "line": 27, "column": 67 }
                    }
                ],
                "line": 27
            },
            "12": {
                "loc": {
                    "start": { "line": 33, "column": 11 },
                    "end": { "line": 33, "column": 61 }
                },
                "type": "binary-expr",
                "locations": [
                    {
                        "start": { "line": 33, "column": 11 },
                        "end": { "line": 33, "column": 24 }
                    },
                    {
                        "start": { "line": 33, "column": 28 },
                        "end": { "line": 33, "column": 46 }
                    },
                    {
                        "start": { "line": 33, "column": 50 },
                        "end": { "line": 33, "column": 61 }
                    }
                ],
                "line": 33
            },
            "13": {
                "loc": {
                    "start": { "line": 40, "column": 8 },
                    "end": { "line": 40, "column": 79 }
                },
                "type": "binary-expr",
                "locations": [
                    {
                        "start": { "line": 40, "column": 8 },
                        "end": { "line": 40, "column": 50 }
                    },
                    {
                        "start": { "line": 40, "column": 54 },
                        "end": { "line": 40, "column": 79 }
                    }
                ],
                "line": 40
            },
            "14": {
                "loc": {
                    "start": { "line": 55, "column": 8 },
                    "end": { "line": 59, "column": 9 }
                },
                "type": "if",
                "locations": [
                    {
                        "start": { "line": 55, "column": 8 },
                        "end": { "line": 59, "column": 9 }
                    },
                    {
                        "start": { "line": 57, "column": 15 },
                        "end": { "line": 59, "column": 9 }
                    }
                ],
                "line": 55
            }
        },
        "s": {
            "0": 13,
            "1": 3,
            "2": 10,
            "3": 8,
            "4": 4,
            "5": 4,
            "6": 1,
            "7": 3,
            "8": 2,
            "9": 1,
            "10": 1,
            "11": 8,
            "12": 4,
            "13": 4,
            "14": 2,
            "15": 2,
            "16": 2,
            "17": 1,
            "18": 1,
            "19": 1,
            "20": 1,
            "21": 1,
            "22": 13,
            "23": 17,
            "24": 4,
            "25": 4,
            "26": 3,
            "27": 3,
            "28": 1,
            "29": 1,
            "30": 1,
            "31": 3,
            "32": 1,
            "33": 2,
            "34": 1,
            "35": 1,
            "36": 1,
            "37": 1
        },
        "f": {
            "0": 13,
            "1": 8,
            "2": 4,
            "3": 13,
            "4": 17,
            "5": 4,
            "6": 4,
            "7": 3,
            "8": 1,
            "9": 3
        },
        "b": {
            "0": [3, 10],
            "1": [8, 2],
            "2": [4, 4],
            "3": [1, 3],
            "4": [1, 1],
            "5": [8, 6, 5],
            "6": [2, 2],
            "7": [1, 1],
            "8": [1, 1],
            "9": [1, 0],
            "10": [1, 0],
            "11": [1, 0],
            "12": [13, 12, 11],
            "13": [4, 4],
            "14": [1, 2]
        },
        "_coverageSchema": "1a1c01bbd47fc00a2c39e90264f33305004495a9",
        "hash": "6ace18bba15b3f211c2b8e0d00dadbc76f932ef7"
    }
}
