TN:
SF:app.js
FN:1,greet
FN:12,isToTranslate
FN:16,greetTranslate
FN:32,isNullUndefinedOrEmpty
FN:35,isInUpperCase
FN:38,isMixedCaseArray
FN:40,(anonymous_6)
FN:44,greetArray
FN:49,mixedCaseArray
FN:54,(anonymous_9)
FNF:10
FNH:10
FNDA:13,greet
FNDA:8,isToTranslate
FNDA:4,greetTranslate
FNDA:13,isNullUndefinedOrEmpty
FNDA:17,isInUpperCase
FNDA:4,isMixedCaseArray
FNDA:4,(anonymous_6)
FNDA:3,greetArray
FNDA:1,mixedCaseArray
FNDA:3,(anonymous_9)
DA:2,13
DA:3,10
DA:4,8
DA:5,4
DA:6,3
DA:8,2
DA:9,1
DA:13,8
DA:17,4
DA:18,4
DA:19,2
DA:20,2
DA:22,2
DA:23,1
DA:24,1
DA:26,1
DA:27,1
DA:28,1
DA:33,13
DA:36,17
DA:39,4
DA:40,4
DA:45,3
DA:46,3
DA:50,1
DA:51,1
DA:54,1
DA:55,3
DA:56,1
DA:58,2
DA:63,1
DA:64,1
DA:66,1
DA:70,1
LF:34
LH:34
BRDA:2,0,0,3
BRDA:2,0,1,10
BRDA:3,1,0,8
BRDA:3,1,1,2
BRDA:4,2,0,4
BRDA:4,2,1,4
BRDA:5,3,0,1
BRDA:5,3,1,3
BRDA:8,4,0,1
BRDA:8,4,1,1
BRDA:13,5,0,8
BRDA:13,5,1,6
BRDA:13,5,2,5
BRDA:18,6,0,2
BRDA:18,6,1,2
BRDA:19,7,0,1
BRDA:19,7,1,1
BRDA:22,8,0,1
BRDA:22,8,1,1
BRDA:23,9,0,1
BRDA:23,9,1,0
BRDA:26,10,0,1
BRDA:26,10,1,0
BRDA:27,11,0,1
BRDA:27,11,1,0
BRDA:33,12,0,13
BRDA:33,12,1,12
BRDA:33,12,2,11
BRDA:40,13,0,4
BRDA:40,13,1,4
BRDA:55,14,0,1
BRDA:55,14,1,2
BRF:32
BRH:29
end_of_record
